bubble-build/app/build/outputs/mapping/release/seeds.txt
club.neopay.neomart.twa.Application: Application()
club.neopay.neomart.twa.LauncherActivity
club.neopay.neomart.twa.Application
club.neopay.neomart.twa.DelegationService
club.neopay.neomart.twa.DelegationService: DelegationService()
club.neopay.neomart.twa.LauncherActivity: LauncherActivity()
...
com.google.android.gms.common.util.DynamiteApi
com.google.android.gms.common.api.GoogleApiActivity: GoogleApiActivity()
com.google.android.gms.auth.api.signin.GoogleSignInAccount: android.os.Parcelable$Creator CREATOR
com.google.android.gms.internal.location.zzo: android.os.Parcelable$Creator CREATOR
androidx.lifecycle.CompositeGeneratedAdaptersObserver
com.google.android.gms.internal.location.zzbd: android.os.Parcelable$Creator CREATOR
com.google.android.gms.location.zzaj: android.os.Parcelable$Creator CREATOR
com.google.androidbrowserhelper.trusted.FocusActivity
androidx.lifecycle.LiveData$LifecycleBoundObserver
androidx.lifecycle.Lifecycle$Event: androidx.lifecycle.Lifecycle$Event ON_DESTROY
com.google.android.gms.common.api.internal.LifecycleCallback
androidx.lifecycle.Lifecycle$Event: androidx.lifecycle.Lifecycle$Event ON_ANY
com.google.android.gms.internal.location.zzbf: android.os.Parcelable$Creator CREATOR
com.google.android.gms.common.annotation.KeepName
android.support.v4.app.RemoteActionCompatParcelizer: androidx.core.app.RemoteActionCompat read(androidx.versionedparcelable.VersionedParcel)
androidx.core.app.CoreComponentFactory: CoreComponentFactory()
androidx.versionedparcelable.ParcelImpl: android.os.Parcelable$Creator CREATOR
androidx.fragment.app.FragmentState: android.os.Parcelable$Creator CREATOR
com.google.android.gms.common.internal.ResolveAccountRequest: android.os.Parcelable$Creator CREATOR
androidx.lifecycle.ViewModel: ViewModel()
com.google.android.gms.dynamite.DynamiteModule$DynamiteLoaderClassLoader: java.lang.ClassLoader sClassLoader
androidx.loader.app.LoaderManagerImpl$LoaderViewModel: LoaderManagerImpl$LoaderViewModel()
com.google.android.gms.common.api.Scope: android.os.Parcelable$Creator CREATOR
androidx.core.graphics.drawable.IconCompat: IconCompat()
androidx.core.app.RemoteActionCompatParcelizer: void write(androidx.core.app.RemoteActionCompat,androidx.versionedparcelable.VersionedParcel)
androidx.lifecycle.Lifecycle$Event: androidx.lifecycle.Lifecycle$Event[] $VALUES
androidx.lifecycle.ReflectiveGenericLifecycleObserver
androidx.lifecycle.Lifecycle$State: androidx.lifecycle.Lifecycle$State[] values()
androidx.versionedparcelable.CustomVersionedParcelable
com.google.android.gms.location.LocationAvailability: android.os.Parcelable$Creator CREATOR
androidx.lifecycle.Lifecycle$State: androidx.lifecycle.Lifecycle$State valueOf(java.lang.String)
com.google.android.gms.common.Feature: android.os.Parcelable$Creator CREATOR
com.google.android.gms.common.api.Status: android.os.Parcelable$Creator CREATOR
com.google.android.gms.common.api.internal.LifecycleCallback: com.google.android.gms.common.api.internal.LifecycleFragment getChimeraLifecycleFragmentImpl(com.google.android.gms.common.api.internal.LifecycleActivity)
androidx.browser.browseractions.BrowserActionsFallbackMenuView
com.google.androidbrowserhelper.locationdelegation.PermissionRequestActivity
androidx.loader.app.LoaderManagerImpl$LoaderViewModel
androidx.core.graphics.drawable.IconCompatParcelizer: void write(androidx.core.graphics.drawable.IconCompat,androidx.versionedparcelable.VersionedParcel)
com.google.androidbrowserhelper.trusted.WebViewFallbackActivity: WebViewFallbackActivity()
androidx.versionedparcelable.CustomVersionedParcelable: CustomVersionedParcelable()
com.google.androidbrowserhelper.trusted.FocusActivity: FocusActivity()
androidx.core.app.RemoteActionCompat: RemoteActionCompat()
android.support.v4.app.RemoteActionCompatParcelizer: RemoteActionCompatParcelizer()
com.google.android.gms.location.LocationResult: android.os.Parcelable$Creator CREATOR
androidx.core.content.FileProvider
androidx.browser.trusted.TrustedWebActivityService: TrustedWebActivityService()
androidx.fragment.app.FragmentManagerState: android.os.Parcelable$Creator CREATOR
androidx.browser.browseractions.BrowserActionsFallbackMenuView: BrowserActionsFallbackMenuView(android.content.Context,android.util.AttributeSet)