bubble-build/app/build/outputs/mapping/release/mapping.txt
# compiler: R8
# compiler_version: 2.1.86
# min_api: 19
# pg_map_id: 3d834b2
# common_typos_disable
club.neopay.neomart.twa.LauncherActivity -> club.neopay.neomart.twa.LauncherActivity:
    android.net.Uri getLaunchingUrl() -> f
...
androidx.core.graphics.drawable.TintAwareDrawable -> androidx.core.graphics.drawable.b:
androidx.core.graphics.drawable.WrappedDrawableApi14 -> androidx.core.graphics.drawable.c:
    android.graphics.drawable.Drawable mDrawable -> f
    androidx.core.graphics.drawable.WrappedDrawableState mState -> d
    android.graphics.PorterDuff$Mode DEFAULT_TINT_MODE -> g
    android.graphics.PorterDuff$Mode mCurrentMode -> b
    boolean mMutated -> e
    boolean mColorFilterSet -> c
    int mCurrentColor -> a
    boolean isCompatTintEnabled() -> a
    androidx.core.graphics.drawable.WrappedDrawableState mutateConstantState() -> b
    void setWrappedDrawable(android.graphics.drawable.Drawable) -> c
    void updateLocalState(android.content.res.Resources) -> d
    boolean updateTint(int[]) -> e
androidx.core.graphics.drawable.WrappedDrawableApi21 -> androidx.core.graphics.drawable.d:
    java.lang.reflect.Method sIsProjectedDrawableMethod -> h
    boolean isCompatTintEnabled() -> a
    void findAndCacheIsProjectedDrawableMethod() -> f
androidx.core.graphics.drawable.WrappedDrawableState -> androidx.core.graphics.drawable.e:
    android.graphics.drawable.Drawable$ConstantState mDrawableState -> b
    android.content.res.ColorStateList mTint -> c
    android.graphics.PorterDuff$Mode mTintMode -> d
    int mChangingConfigurations -> a
    boolean canConstantState() -> a
androidx.core.util.DebugUtils -> b.d.b.a:
    void buildShortClassTag(java.lang.Object,java.lang.StringBuilder) -> a
androidx.core.util.LogWriter -> b.d.b.b:
    java.lang.StringBuilder mBuilder -> b
    java.lang.String mTag -> a
    void flushBuilder() -> a
androidx.core.util.Preconditions -> b.d.b.c:
    java.lang.Object checkNotNull(java.lang.Object,java.lang.Object) -> a
androidx.core.view.KeyEventDispatcher -> b.d.c.a:
    java.lang.reflect.Field sDialogKeyListenerField -> d
    boolean sActionBarFieldsFetched -> a
    boolean sDialogFieldsFetched -> c
    java.lang.reflect.Method sActionBarOnMenuKeyMethod -> b
    boolean actionBarOnMenuKeyEventPre28(android.app.ActionBar,android.view.KeyEvent) -> a
    boolean activitySuperDispatchKeyEventPre28(android.app.Activity,android.view.KeyEvent) -> b
    boolean dialogSuperDispatchKeyEventPre28(android.app.Dialog,android.view.KeyEvent) -> c
    boolean dispatchBeforeHierarchy(android.view.View,android.view.KeyEvent) -> d
    boolean dispatchKeyEvent(androidx.core.view.KeyEventDispatcher$Component,android.view.View,android.view.Window$Callback,android.view.KeyEvent) -> e
    android.content.DialogInterface$OnKeyListener getDialogKeyListenerPre28(android.app.Dialog) -> f
androidx.core.view.KeyEventDispatcher$Component -> b.d.c.a$a:
    boolean superDispatchKeyEvent(android.view.KeyEvent) -> d
androidx.core.view.LayoutInflaterCompat -> b.d.c.b:
    java.lang.reflect.Field sLayoutInflaterFactory2Field -> a
    boolean sCheckedField -> b
    void forceSetFactory2(android.view.LayoutInflater,android.view.LayoutInflater$Factory2) -> a
    void setFactory2(android.view.LayoutInflater,android.view.LayoutInflater$Factory2) -> b
androidx.core.view.ViewCompat -> b.d.c.c:
    java.util.WeakHashMap sTransitionNameMap -> a
    boolean dispatchUnhandledKeyEventBeforeCallback(android.view.View,android.view.KeyEvent) -> a
    boolean dispatchUnhandledKeyEventBeforeHierarchy(android.view.View,android.view.KeyEvent) -> b
    int getAccessibilityLiveRegion(android.view.View) -> c
    java.lang.CharSequence getAccessibilityPaneTitle(android.view.View) -> d
    java.lang.String getTransitionName(android.view.View) -> e
    boolean hasOverlappingRendering(android.view.View) -> f
    boolean isAttachedToWindow(android.view.View) -> g
    void notifyViewAccessibilityStateChangedIfNeeded(android.view.View,int) -> h
    androidx.core.view.ViewCompat$AccessibilityViewProperty paneTitleProperty() -> i
    void setTransitionName(android.view.View,java.lang.String) -> j