bubble-build/app/build/outputs/mapping/release/usage.txt
club.neopay.neomart.twa.BuildConfig
club.neopay.neomart.twa.R$attr
club.neopay.neomart.twa.R$xml
club.neopay.neomart.twa.R$dimen
club.neopay.neomart.twa.R$style
club.neopay.neomart.twa.R$bool
club.neopay.neomart.twa.R
club.neopay.neomart.twa.R$styleable
club.neopay.neomart.twa.R$drawable
club.neopay.neomart.twa.R$raw
club.neopay.neomart.twa.R$layout
club.neopay.neomart.twa.R$string
club.neopay.neomart.twa.R$color
club.neopay.neomart.twa.R$integer
club.neopay.neomart.twa.R$mipmap
club.neopay.neomart.twa.R$id
...
androidx.versionedparcelable.CustomVersionedParcelable:
    public void onPreParceling(boolean)
    public void onPostParceling()
com.google.android.gms.common.util.VisibleForTesting
com.google.android.gms.common.api.internal.DataHolderNotifier
com.google.android.gms.common.data.DataHolder$zaa
androidx.coordinatorlayout.widget.CoordinatorLayout$LayoutParams
com.google.android.gms.internal.location.zzbi
androidx.browser.browseractions.BrowserActionsFallbackMenuAdapter$2
androidx.cursoradapter.widget.CursorAdapter
androidx.collection.ContainerHelpers:
    public static int idealLongArraySize(int)
    static int binarySearch(long[],int,long)
    private void <init>()
com.google.android.gms.common.internal.LibraryVersion
com.google.android.gms.location.SettingsClient
com.google.android.gms.common.internal.service.zac
androidx.core.hardware.fingerprint.FingerprintManagerCompat$CryptoObject
androidx.core.R$styleable
androidx.concurrent.futures.CallbackToFutureAdapter
androidx.core.view.ViewCompat$ScrollAxis
androidx.annotation.HalfFloat
com.google.android.gms.location.zzf
androidx.viewpager.widget.PagerTabStrip
com.google.android.gms.common.util.NumberUtils
com.google.android.gms.location.GeofencingApi:
    public abstract com.google.android.gms.common.api.PendingResult addGeofences(com.google.android.gms.common.api.GoogleApiClient,java.util.List,android.app.PendingIntent)
    public abstract com.google.android.gms.common.api.PendingResult addGeofences(com.google.android.gms.common.api.GoogleApiClient,com.google.android.gms.location.GeofencingRequest,android.app.PendingIntent)
    public abstract com.google.android.gms.common.api.PendingResult removeGeofences(com.google.android.gms.common.api.GoogleApiClient,android.app.PendingIntent)
    public abstract com.google.android.gms.common.api.PendingResult removeGeofences(com.google.android.gms.common.api.GoogleApiClient,java.util.List)
com.google.android.gms.common.internal.GetServiceRequest:
    public android.os.Bundle getExtraArgs()
androidx.core.view.ScaleGestureDetectorCompat
androidx.core.view.ViewGroupCompat:
    private void <init>()
    public static boolean onRequestSendAccessibilityEvent(android.view.ViewGroup,android.view.View,android.view.accessibility.AccessibilityEvent)
    public static void setMotionEventSplittingEnabled(android.view.ViewGroup,boolean)
    public static int getLayoutMode(android.view.ViewGroup)
    public static void setLayoutMode(android.view.ViewGroup,int)
    public static void setTransitionGroup(android.view.ViewGroup,boolean)
    public static int getNestedScrollAxes(android.view.ViewGroup)
    public static final int LAYOUT_MODE_CLIP_BOUNDS
    public static final int LAYOUT_MODE_OPTICAL_BOUNDS
androidx.core.app.NotificationCompat$CarExtender
androidx.browser.customtabs.CustomTabsService$FilePurpose
androidx.asynclayoutinflater.R$integer
com.google.android.gms.common.internal.zao
androidx.annotation.LayoutRes
com.google.androidbrowserhelper.locationdelegation.R$drawable
com.google.android.gms.common.config.zzb
android.support.v4.app.INotificationSideChannel
androidx.core.graphics.PathParser$ExtractFloatResult
com.google.android.gms.common.internal.ServiceSpecificExtraArgs$PlusExtraArgs
androidx.core.provider.FontsContractCompat$4$3